<?xml version="1.0" encoding="UTF-8"?>
<!-- Generated by org.testng.reporters.JUnitReportReporter -->
<testsuite hostname="Abhishek" failures="0" tests="1" name="com.test.bookingApp.TestCases" time="22.716" errors="0" timestamp="2025-03-15T14:35:31 IST" skipped="0">
  <testcase classname="com.test.bookingApp.TestCases" name="TestCase1" time="22.716"/>
</testsuite> <!-- com.test.bookingApp.TestCases -->
