<?xml version="1.0" encoding="UTF-8"?>
<!-- Generated by org.testng.reporters.JUnitReportReporter -->
<testsuite hostname="Abhishek" failures="0" tests="2" name="com.test.bookingApp.TestCases" time="19.569" errors="0" timestamp="2025-03-15T13:26:29 IST" skipped="0">
  <testcase classname="com.test.bookingApp.TestCases" name="TestCase1" time="19.445"/>
  <testcase classname="com.test.bookingApp.TestCases" name="TestCase2" time="0.124"/>
</testsuite> <!-- com.test.bookingApp.TestCases -->
