<?xml version="1.0" encoding="UTF-8"?>
<!-- Generated by org.testng.reporters.JUnitReportReporter -->
<testsuite hostname="Abhisheks-MacBook-Pro.local" failures="0" tests="2" name="com.test.bookingApp.testCase1" time="20.133" errors="0" timestamp="2025-03-06T20:25:17 IST" skipped="0">
  <testcase classname="com.test.bookingApp.testCase1" name="TestCase1" time="20.132"/>
  <system-out/>
  <testcase classname="com.test.bookingApp.testCase1" name="TestCase2" time="0.001"/>
  <system-out/>
</testsuite> <!-- com.test.bookingApp.testCase1 -->
